<?xml version="1.0" encoding="UTF-8"?>
<testng-results skipped="0" failed="0" ignored="0" total="1" passed="1">
  <reporter-output>
  </reporter-output>
  <suite name="Default suite" duration-ms="10672" started-at="2019-09-25T02:59:38Z" finished-at="2019-09-25T02:59:49Z">
    <groups>
    </groups>
    <test name="Default test" duration-ms="10672" started-at="2019-09-25T02:59:38Z" finished-at="2019-09-25T02:59:49Z">
      <class name="test.MonthDropDownTest">
        <test-method status="PASS" signature="launchBrowser()[pri:0, instance:test.MonthDropDownTest@4c70fda8]" name="launchBrowser" is-config="true" duration-ms="8947" started-at="2019-09-25T02:59:38Z" finished-at="2019-09-25T02:59:47Z">
          <reporter-output>
          </reporter-output>
        </test-method> <!-- launchBrowser -->
        <test-method status="PASS" signature="MonthDropDownList()[pri:0, instance:test.MonthDropDownTest@4c70fda8]" name="MonthDropDownList" duration-ms="1696" started-at="2019-09-25T02:59:47Z" finished-at="2019-09-25T02:59:49Z">
          <reporter-output>
          </reporter-output>
        </test-method> <!-- MonthDropDownList -->
      </class> <!-- test.MonthDropDownTest -->
    </test> <!-- Default test -->
  </suite> <!-- Default suite -->
</testng-results>
